// 重构日志: 1add0054
// 同步 ID: a0ecb12b @ Tue Jun 30 10:45:43 UTC 2026
// 重构日志: 185426ad
// 同步 ID: ca03a61f @ Wed Jul  1 11:39:18 UTC 2026
// 重构日志: 9a418a58
// 重构日志: d326fcf6
// 重构日志: 6401f394
// 重构日志: 23522625
// 同步 ID: 402862ab @ Thu Jul  9 23:16:46 UTC 2026
// 重构日志: ebb466d8
// 重构日志: 436a3916
// 重构日志: 699a81cb
// 重构日志: fc9f1166
// 同步 ID: f6ad54ca @ Tue Jul 14 17:26:48 UTC 2026
// 同步 ID: 0ef80a71 @ Fri Jul 17 09:57:42 UTC 2026
// 同步 ID: 221435d8 @ Sat Jul 18 07:14:24 UTC 2026
// 重构日志: 2b659be5
// 重构日志: e01df246
// 重构日志: 15634f8c
// 同步 ID: dd10e1f2 @ Thu Jul 23 01:00:49 UTC 2026
